# JRE version: OpenJDK Runtime Environment (21.0.5) (build 21.0.5+-13047016-b750.29)
# Java VM: OpenJDK 64-Bit Server VM (21.0.5+-13047016-b750.29, mixed mode, tiered, compressed oops, compressed class ptrs, g1 gc, windows-amd64)
GC Precious Log:
 CardTable entry size: 512
 Card Set container configuration: InlinePtr #cards 5 size 8 Array Of Cards #cards 12 size 40 Howl #buckets 4 coarsen threshold 1843 Howl Bitmap #cards 512 size 80 coarsen threshold 460 Card regions per heap region 1 cards per card region 2048
 CPUs: 4 total, 4 available
 Memory: 12131M
 Large Page Support: Disabled
 NUMA Support: Disabled
 Compressed Oops: Enabled (32-bit)
 Heap Region Size: 1M
 Heap Min Capacity: 8M
 Heap Initial Capacity: 190M
 Heap Max Capacity: 2G
 Pre-touch: Disabled
 Parallel Workers: 4
 Concurrent Workers: 1
 Concurrent Refinement Workers: 4
 Periodic GC: Disabled
Heap:
 garbage-first heap   total 265216K, used 196815K [0x0000000080000000, 0x0000000100000000)
  region size 1024K, 40 young (40960K), 5 survivors (5120K)
 Metaspace       used 125498K, committed 127808K, reserved 1179648K
  class space    used 16835K, committed 17984K, reserved 1048576K
GC Heap History (20 events):
Event: 93.516 GC heap before
{Heap before GC invocations=46 (full 0):
 garbage-first heap   total 193536K, used 119155K [0x0000000080000000, 0x0000000100000000)
  region size 1024K, 4 young (4096K), 2 survivors (2048K)
 Metaspace       used 98217K, committed 100352K, reserved 1179648K
  class space    used 13197K, committed 14272K, reserved 1048576K
}
Event: 93.520 GC heap after
{Heap after GC invocations=47 (full 0):
 garbage-first heap   total 193536K, used 118265K [0x0000000080000000, 0x0000000100000000)
  region size 1024K, 3 young (3072K), 3 survivors (3072K)
 Metaspace       used 98217K, committed 100352K, reserved 1179648K
  class space    used 13197K, committed 14272K, reserved 1048576K
}
Event: 99.414 GC heap before
{Heap before GC invocations=48 (full 0):
 garbage-first heap   total 199680K, used 175609K [0x0000000080000000, 0x0000000100000000)
  region size 1024K, 58 young (59392K), 3 survivors (3072K)
 Metaspace       used 102629K, committed 104768K, reserved 1179648K
  class space    used 13949K, committed 15040K, reserved 1048576K
}
Event: 99.423 GC heap after
{Heap after GC invocations=49 (full 0):
 garbage-first heap   total 199680K, used 119739K [0x0000000080000000, 0x0000000100000000)
  region size 1024K, 4 young (4096K), 4 survivors (4096K)
 Metaspace       used 102629K, committed 104768K, reserved 1179648K
  class space    used 13949K, committed 15040K, reserved 1048576K
}
Event: 117.609 GC heap before
{Heap before GC invocations=49 (full 0):
 garbage-first heap   total 199680K, used 195515K [0x0000000080000000, 0x0000000100000000)
  region size 1024K, 64 young (65536K), 4 survivors (4096K)
 Metaspace       used 107549K, committed 109760K, reserved 1179648K
  class space    used 14648K, committed 15744K, reserved 1048576K
}
Event: 117.636 GC heap after
{Heap after GC invocations=50 (full 0):
 garbage-first heap   total 208896K, used 139353K [0x0000000080000000, 0x0000000100000000)
  region size 1024K, 8 young (8192K), 8 survivors (8192K)
 Metaspace       used 107549K, committed 109760K, reserved 1179648K
  class space    used 14648K, committed 15744K, reserved 1048576K
}
Event: 134.303 GC heap before
{Heap before GC invocations=50 (full 0):
 garbage-first heap   total 208896K, used 188505K [0x0000000080000000, 0x0000000100000000)
  region size 1024K, 56 young (57344K), 8 survivors (8192K)
 Metaspace       used 111369K, committed 113728K, reserved 1179648K
  class space    used 15209K, committed 16384K, reserved 1048576K
}
Event: 134.317 GC heap after
{Heap after GC invocations=51 (full 0):
 garbage-first heap   total 208896K, used 144148K [0x0000000080000000, 0x0000000100000000)
  region size 1024K, 5 young (5120K), 5 survivors (5120K)
 Metaspace       used 111369K, committed 113728K, reserved 1179648K
  class space    used 15209K, committed 16384K, reserved 1048576K
}
Event: 140.412 GC heap before
{Heap before GC invocations=52 (full 0):
 garbage-first heap   total 240640K, used 189204K [0x0000000080000000, 0x0000000100000000)
  region size 1024K, 50 young (51200K), 5 survivors (5120K)
 Metaspace       used 111369K, committed 113728K, reserved 1179648K
  class space    used 15209K, committed 16384K, reserved 1048576K
}
Event: 140.422 GC heap after
{Heap after GC invocations=53 (full 0):
 garbage-first heap   total 240640K, used 145408K [0x0000000080000000, 0x0000000100000000)
  region size 1024K, 4 young (4096K), 4 survivors (4096K)
 Metaspace       used 111369K, committed 113728K, reserved 1179648K
  class space    used 15209K, committed 16384K, reserved 1048576K
}
Event: 152.011 GC heap before
{Heap before GC invocations=53 (full 0):
 garbage-first heap   total 240640K, used 217088K [0x0000000080000000, 0x0000000100000000)
  region size 1024K, 75 young (76800K), 4 survivors (4096K)
 Metaspace       used 111374K, committed 113728K, reserved 1179648K
  class space    used 15209K, committed 16384K, reserved 1048576K
}
Event: 152.020 GC heap after
{Heap after GC invocations=54 (full 0):
 garbage-first heap   total 240640K, used 147193K [0x0000000080000000, 0x0000000100000000)
  region size 1024K, 6 young (6144K), 6 survivors (6144K)
 Metaspace       used 111374K, committed 113728K, reserved 1179648K
  class space    used 15209K, committed 16384K, reserved 1048576K
}
Event: 167.338 GC heap before
{Heap before GC invocations=54 (full 0):
 garbage-first heap   total 240640K, used 219897K [0x0000000080000000, 0x0000000100000000)
  region size 1024K, 77 young (78848K), 6 survivors (6144K)
 Metaspace       used 111377K, committed 113728K, reserved 1179648K
  class space    used 15209K, committed 16384K, reserved 1048576K
}
Event: 167.347 GC heap after
{Heap after GC invocations=55 (full 0):
 garbage-first heap   total 240640K, used 148395K [0x0000000080000000, 0x0000000100000000)
  region size 1024K, 7 young (7168K), 7 survivors (7168K)
 Metaspace       used 111377K, committed 113728K, reserved 1179648K
  class space    used 15209K, committed 16384K, reserved 1048576K
}
Event: 174.703 GC heap before
{Heap before GC invocations=56 (full 0):
 garbage-first heap   total 247808K, used 220075K [0x0000000080000000, 0x0000000100000000)
  region size 1024K, 77 young (78848K), 7 survivors (7168K)
 Metaspace       used 111379K, committed 113728K, reserved 1179648K
  class space    used 15209K, committed 16384K, reserved 1048576K
}
Event: 174.713 GC heap after
{Heap after GC invocations=57 (full 0):
 garbage-first heap   total 247808K, used 150556K [0x0000000080000000, 0x0000000100000000)
  region size 1024K, 7 young (7168K), 7 survivors (7168K)
 Metaspace       used 111379K, committed 113728K, reserved 1179648K
  class space    used 15209K, committed 16384K, reserved 1048576K
}
Event: 186.643 GC heap before
{Heap before GC invocations=57 (full 0):
 garbage-first heap   total 247808K, used 227356K [0x0000000080000000, 0x0000000100000000)
  region size 1024K, 81 young (82944K), 7 survivors (7168K)
 Metaspace       used 115569K, committed 117888K, reserved 1179648K
  class space    used 15680K, committed 16832K, reserved 1048576K
}
Event: 186.659 GC heap after
{Heap after GC invocations=58 (full 0):
 garbage-first heap   total 247808K, used 153565K [0x0000000080000000, 0x0000000100000000)
  region size 1024K, 9 young (9216K), 9 survivors (9216K)
 Metaspace       used 115569K, committed 117888K, reserved 1179648K
  class space    used 15680K, committed 16832K, reserved 1048576K
}
Event: 191.482 GC heap before
{Heap before GC invocations=58 (full 0):
 garbage-first heap   total 247808K, used 223197K [0x0000000080000000, 0x0000000100000000)
  region size 1024K, 78 young (79872K), 9 survivors (9216K)
 Metaspace       used 122141K, committed 124480K, reserved 1179648K
  class space    used 16587K, committed 17728K, reserved 1048576K
}
Event: 191.498 GC heap after
{Heap after GC invocations=59 (full 0):
 garbage-first heap   total 247808K, used 157903K [0x0000000080000000, 0x0000000100000000)
  region size 1024K, 5 young (5120K), 5 survivors (5120K)
 Metaspace       used 122141K, committed 124480K, reserved 1179648K
  class space    used 16587K, committed 17728K, reserved 1048576K
}

