# JRE version: OpenJDK Runtime Environment (21.0.5) (build 21.0.5+-13047016-b750.29)
# Java VM: OpenJDK 64-Bit Server VM (21.0.5+-13047016-b750.29, mixed mode, tiered, compressed oops, compressed class ptrs, g1 gc, windows-amd64)
GC Precious Log:
 CardTable entry size: 512
 Card Set container configuration: InlinePtr #cards 5 size 8 Array Of Cards #cards 12 size 40 Howl #buckets 4 coarsen threshold 1843 Howl Bitmap #cards 512 size 80 coarsen threshold 460 Card regions per heap region 1 cards per card region 2048
 CPUs: 4 total, 4 available
 Memory: 12131M
 Large Page Support: Disabled
 NUMA Support: Disabled
 Compressed Oops: Enabled (32-bit)
 Heap Region Size: 1M
 Heap Min Capacity: 8M
 Heap Initial Capacity: 190M
 Heap Max Capacity: 2G
 Pre-touch: Disabled
 Parallel Workers: 4
 Concurrent Workers: 1
 Concurrent Refinement Workers: 4
 Periodic GC: Disabled
Heap:
 garbage-first heap   total 278528K, used 165934K [0x0000000080000000, 0x0000000100000000)
  region size 1024K, 22 young (22528K), 8 survivors (8192K)
 Metaspace       used 151673K, committed 153984K, reserved 1245184K
  class space    used 20109K, committed 21632K, reserved 1048576K
GC Heap History (20 events):
Event: 10733.971 GC heap before
{Heap before GC invocations=79 (full 1):
 garbage-first heap   total 239616K, used 153996K [0x0000000080000000, 0x0000000100000000)
  region size 1024K, 34 young (34816K), 5 survivors (5120K)
 Metaspace       used 149323K, committed 151616K, reserved 1179648K
  class space    used 20025K, committed 21632K, reserved 1048576K
}
Event: 10733.987 GC heap after
{Heap after GC invocations=80 (full 1):
 garbage-first heap   total 239616K, used 128824K [0x0000000080000000, 0x0000000100000000)
  region size 1024K, 4 young (4096K), 4 survivors (4096K)
 Metaspace       used 149323K, committed 151616K, reserved 1179648K
  class space    used 20025K, committed 21632K, reserved 1048576K
}
Event: 10738.621 GC heap before
{Heap before GC invocations=81 (full 1):
 garbage-first heap   total 239616K, used 174904K [0x0000000080000000, 0x0000000100000000)
  region size 1024K, 50 young (51200K), 4 survivors (4096K)
 Metaspace       used 149496K, committed 151808K, reserved 1179648K
  class space    used 20022K, committed 21632K, reserved 1048576K
}
Event: 10738.647 GC heap after
{Heap after GC invocations=82 (full 1):
 garbage-first heap   total 239616K, used 134558K [0x0000000080000000, 0x0000000100000000)
  region size 1024K, 7 young (7168K), 7 survivors (7168K)
 Metaspace       used 149496K, committed 151808K, reserved 1179648K
  class space    used 20022K, committed 21632K, reserved 1048576K
}
Event: 10842.876 GC heap before
{Heap before GC invocations=82 (full 1):
 garbage-first heap   total 239616K, used 209310K [0x0000000080000000, 0x0000000100000000)
  region size 1024K, 81 young (82944K), 7 survivors (7168K)
 Metaspace       used 150020K, committed 152320K, reserved 1245184K
  class space    used 20088K, committed 21632K, reserved 1048576K
}
Event: 10842.913 GC heap after
{Heap after GC invocations=83 (full 1):
 garbage-first heap   total 239616K, used 137537K [0x0000000080000000, 0x0000000100000000)
  region size 1024K, 10 young (10240K), 10 survivors (10240K)
 Metaspace       used 150020K, committed 152320K, reserved 1245184K
  class space    used 20088K, committed 21632K, reserved 1048576K
}
Event: 10844.066 GC heap before
{Heap before GC invocations=83 (full 1):
 garbage-first heap   total 239616K, used 161089K [0x0000000080000000, 0x0000000100000000)
  region size 1024K, 33 young (33792K), 10 survivors (10240K)
 Metaspace       used 150211K, committed 152448K, reserved 1245184K
  class space    used 20094K, committed 21632K, reserved 1048576K
}
Event: 10844.110 GC heap after
{Heap after GC invocations=84 (full 1):
 garbage-first heap   total 239616K, used 142043K [0x0000000080000000, 0x0000000100000000)
  region size 1024K, 5 young (5120K), 5 survivors (5120K)
 Metaspace       used 150211K, committed 152448K, reserved 1245184K
  class space    used 20094K, committed 21632K, reserved 1048576K
}
Event: 10861.610 GC heap before
{Heap before GC invocations=85 (full 1):
 garbage-first heap   total 239616K, used 226011K [0x0000000080000000, 0x0000000100000000)
  region size 1024K, 73 young (74752K), 5 survivors (5120K)
 Metaspace       used 150460K, committed 152768K, reserved 1245184K
  class space    used 20098K, committed 21632K, reserved 1048576K
}
Event: 10861.631 GC heap after
{Heap after GC invocations=86 (full 1):
 garbage-first heap   total 239616K, used 142637K [0x0000000080000000, 0x0000000100000000)
  region size 1024K, 8 young (8192K), 8 survivors (8192K)
 Metaspace       used 150460K, committed 152768K, reserved 1245184K
  class space    used 20098K, committed 21632K, reserved 1048576K
}
Event: 10939.034 GC heap before
{Heap before GC invocations=86 (full 1):
 garbage-first heap   total 239616K, used 214317K [0x0000000080000000, 0x0000000100000000)
  region size 1024K, 79 young (80896K), 8 survivors (8192K)
 Metaspace       used 150672K, committed 152960K, reserved 1245184K
  class space    used 20103K, committed 21632K, reserved 1048576K
}
Event: 10939.081 GC heap after
{Heap after GC invocations=87 (full 1):
 garbage-first heap   total 239616K, used 139488K [0x0000000080000000, 0x0000000100000000)
  region size 1024K, 10 young (10240K), 10 survivors (10240K)
 Metaspace       used 150672K, committed 152960K, reserved 1245184K
  class space    used 20103K, committed 21632K, reserved 1048576K
}
Event: 10943.095 GC heap before
{Heap before GC invocations=87 (full 1):
 garbage-first heap   total 239616K, used 204000K [0x0000000080000000, 0x0000000100000000)
  region size 1024K, 74 young (75776K), 10 survivors (10240K)
 Metaspace       used 150882K, committed 153152K, reserved 1245184K
  class space    used 20103K, committed 21632K, reserved 1048576K
}
Event: 10943.125 GC heap after
{Heap after GC invocations=88 (full 1):
 garbage-first heap   total 239616K, used 148030K [0x0000000080000000, 0x0000000100000000)
  region size 1024K, 8 young (8192K), 8 survivors (8192K)
 Metaspace       used 150882K, committed 153152K, reserved 1245184K
  class space    used 20103K, committed 21632K, reserved 1048576K
}
Event: 11446.798 GC heap before
{Heap before GC invocations=89 (full 1):
 garbage-first heap   total 245760K, used 231998K [0x0000000080000000, 0x0000000100000000)
  region size 1024K, 74 young (75776K), 8 survivors (8192K)
 Metaspace       used 151156K, committed 153408K, reserved 1245184K
  class space    used 20107K, committed 21632K, reserved 1048576K
}
Event: 11446.809 GC heap after
{Heap after GC invocations=90 (full 1):
 garbage-first heap   total 245760K, used 146827K [0x0000000080000000, 0x0000000100000000)
  region size 1024K, 2 young (2048K), 2 survivors (2048K)
 Metaspace       used 151156K, committed 153408K, reserved 1245184K
  class space    used 20107K, committed 21632K, reserved 1048576K
}
Event: 11450.314 GC heap before
{Heap before GC invocations=90 (full 1):
 garbage-first heap   total 245760K, used 221579K [0x0000000080000000, 0x0000000100000000)
  region size 1024K, 76 young (77824K), 2 survivors (2048K)
 Metaspace       used 151353K, committed 153600K, reserved 1245184K
  class space    used 20108K, committed 21632K, reserved 1048576K
}
Event: 11450.338 GC heap after
{Heap after GC invocations=91 (full 1):
 garbage-first heap   total 245760K, used 145040K [0x0000000080000000, 0x0000000100000000)
  region size 1024K, 10 young (10240K), 10 survivors (10240K)
 Metaspace       used 151353K, committed 153600K, reserved 1245184K
  class space    used 20108K, committed 21632K, reserved 1048576K
}
Event: 11455.588 GC heap before
{Heap before GC invocations=91 (full 1):
 garbage-first heap   total 245760K, used 204432K [0x0000000080000000, 0x0000000100000000)
  region size 1024K, 70 young (71680K), 10 survivors (10240K)
 Metaspace       used 151528K, committed 153792K, reserved 1245184K
  class space    used 20108K, committed 21632K, reserved 1048576K
}
Event: 11455.609 GC heap after
{Heap after GC invocations=92 (full 1):
 garbage-first heap   total 245760K, used 148323K [0x0000000080000000, 0x0000000100000000)
  region size 1024K, 3 young (3072K), 3 survivors (3072K)
 Metaspace       used 151528K, committed 153792K, reserved 1245184K
  class space    used 20108K, committed 21632K, reserved 1048576K
}

